c:\users\ugurbey\desktop\examsystemrefactoring\examsystemrefactored2\examsystem\examsystem.studentinfoanalysis\debug\vc142.pdb
c:\users\ugurbey\desktop\examsystemrefactoring\examsystemrefactored2\examsystem\examsystem.studentinfoanalysis\debug\vc142.idb
c:\users\ugurbey\desktop\examsystemrefactoring\examsystemrefactored2\examsystem\examsystem.studentinfoanalysis\debug\questioninfowrapper.obj
c:\users\ugurbey\desktop\examsystemrefactoring\examsystemrefactored2\examsystem\examsystem.studentinfoanalysis\debug\questioninfo.obj
c:\users\ugurbey\desktop\examsystemrefactoring\examsystemrefactored2\examsystem\debug\examsystem.studentinfoanalysis.lib
c:\users\ugurbey\desktop\examsystemrefactoring\examsystemrefactored2\examsystem\debug\examsystem.studentinfoanalysis.exp
c:\users\ugurbey\desktop\examsystemrefactoring\examsystemrefactored2\examsystem\examsystem.studentinfoanalysis\debug\examsystem.studentinfoanalysis.ilk
c:\users\ugurbey\desktop\examsystemrefactoring\examsystemrefactored2\examsystem\debug\examsystem.studentinfoanalysis.dll
c:\users\ugurbey\desktop\examsystemrefactoring\examsystemrefactored2\examsystem\debug\examsystem.studentinfoanalysis.pdb
c:\users\lenovo\desktop\qt\examsystem.studentinfoanalysis\debug\questioninfo.obj
c:\users\lenovo\desktop\qt\examsystem.studentinfoanalysis\debug\questioninfowrapper.obj
c:\users\lenovo\desktop\qt\examsystem.studentinfoanalysis\debug\examsystem.studentinfoanalysis.ilk
c:\users\lenovo\desktop\qt\examsystem.studentinfoanalysis\debug\vc142.idb
c:\users\lenovo\desktop\qt\examsystem.studentinfoanalysis\debug\vc142.pdb
c:\users\lenovo\desktop\qt\debug\examsystem.studentinfoanalysis.pdb
c:\users\lenovo\desktop\qt\debug\examsystem.studentinfoanalysis.dll
c:\users\lenovo\desktop\qt\examsystem.studentinfoanalysis\debug\examsyst.36f1b129.tlog\cl.command.1.tlog
c:\users\lenovo\desktop\qt\examsystem.studentinfoanalysis\debug\examsyst.36f1b129.tlog\cl.read.1.tlog
c:\users\lenovo\desktop\qt\examsystem.studentinfoanalysis\debug\examsyst.36f1b129.tlog\cl.write.1.tlog
c:\users\lenovo\desktop\qt\examsystem.studentinfoanalysis\debug\examsyst.36f1b129.tlog\examsystem.studentinfoanalysis.write.1u.tlog
c:\users\lenovo\desktop\qt\examsystem.studentinfoanalysis\debug\examsyst.36f1b129.tlog\link.command.1.tlog
c:\users\lenovo\desktop\qt\examsystem.studentinfoanalysis\debug\examsyst.36f1b129.tlog\link.read.1.tlog
c:\users\lenovo\desktop\qt\examsystem.studentinfoanalysis\debug\examsyst.36f1b129.tlog\link.write.1.tlog
