c:\users\ugurbey\desktop\examsystem\examsystem\studentınfoanalysıs\x64\debug\vc142.pdb
c:\users\ugurbey\desktop\examsystem\examsystem\studentınfoanalysıs\x64\debug\vc142.ıdb
c:\users\ugurbey\desktop\examsystem\examsystem\studentınfoanalysıs\x64\debug\questıonınfowrapper.obj
c:\users\ugurbey\desktop\examsystem\examsystem\studentınfoanalysıs\x64\debug\questıonınfo.obj
c:\users\ugurbey\desktop\examsystem\examsystem\studentınfoanalysıs\x64\debug\studentınfoanalysıs.ılk
c:\users\ugurbey\desktop\examsystem\examsystem\x64\debug\studentınfoanalysıs.dll
c:\users\ugurbey\desktop\examsystem\examsystem\x64\debug\studentınfoanalysıs.pdb
c:\users\ugurbey\desktop\examsystem\examsystem\x64\debug\studentınfoanalysis.lib
c:\users\ugurbey\desktop\examsystem\examsystem\x64\debug\studentınfoanalysis.exp
c:\users\ugurbey\desktop\examsystem\examsystem\studentınfoanalysis\x64\debug\questionınfo.obj
c:\users\ugurbey\desktop\examsystem\examsystem\studentınfoanalysis\x64\debug\questionınfowrapper.obj
c:\users\ugurbey\desktop\examsystem\examsystem\studentınfoanalysis\x64\debug\studentınfoanalysis.ilk
c:\users\ugurbey\desktop\examsystem\examsystem\studentınfoanalysis\x64\debug\vc142.idb
c:\users\ugurbey\desktop\examsystem\examsystem\studentınfoanalysis\x64\debug\vc142.pdb
c:\users\ugurbey\desktop\examsystem\examsystem\x64\debug\studentınfoanalysis.pdb
c:\users\ugurbey\desktop\examsystem\examsystem\x64\debug\studentınfoanalysis.dll
c:\users\ugurbey\desktop\examsystem\examsystem\studentınfoanalysis\x64\debug\studentı.2ca94a6f.tlog\cl.command.1.tlog
c:\users\ugurbey\desktop\examsystem\examsystem\studentınfoanalysis\x64\debug\studentı.2ca94a6f.tlog\cl.read.1.tlog
c:\users\ugurbey\desktop\examsystem\examsystem\studentınfoanalysis\x64\debug\studentı.2ca94a6f.tlog\cl.write.1.tlog
c:\users\ugurbey\desktop\examsystem\examsystem\studentınfoanalysis\x64\debug\studentı.2ca94a6f.tlog\link.command.1.tlog
c:\users\ugurbey\desktop\examsystem\examsystem\studentınfoanalysis\x64\debug\studentı.2ca94a6f.tlog\link.delete.1.tlog
c:\users\ugurbey\desktop\examsystem\examsystem\studentınfoanalysis\x64\debug\studentı.2ca94a6f.tlog\link.read.1.tlog
c:\users\ugurbey\desktop\examsystem\examsystem\studentınfoanalysis\x64\debug\studentı.2ca94a6f.tlog\link.write.1.tlog
c:\users\ugurbey\desktop\examsystem\examsystem\studentınfoanalysis\x64\debug\studentı.2ca94a6f.tlog\studentınfoanalysis.write.1u.tlog
