c:\users\ugurbey\desktop\examsystemrefactorıng\examsystemrefactored2\examsystem\examsystem.studentınfoanalysıs\x64\debug\vc142.pdb
c:\users\ugurbey\desktop\examsystemrefactorıng\examsystemrefactored2\examsystem\examsystem.studentınfoanalysıs\x64\debug\.netcoreapp,versıon=v5.0.assemblyattrıbutes.obj
c:\users\ugurbey\desktop\examsystemrefactorıng\examsystemrefactored2\examsystem\examsystem.studentınfoanalysıs\x64\debug\questıonınfowrapper.obj
c:\users\ugurbey\desktop\examsystemrefactorıng\examsystemrefactored2\examsystem\examsystem.studentınfoanalysıs\x64\debug\questıonınfo.obj
c:\users\ugurbey\desktop\examsystemrefactorıng\examsystemrefactored2\examsystem\examsystem.studentınfoanalysıs\x64\debug\vc142.ıdb
c:\users\ugurbey\desktop\examsystemrefactoring\examsystemrefactored2\examsystem\x64\debug\examsystem.studentınfoanalysis.lib
c:\users\ugurbey\desktop\examsystemrefactoring\examsystemrefactored2\examsystem\x64\debug\examsystem.studentınfoanalysis.exp
c:\users\ugurbey\desktop\examsystemrefactorıng\examsystemrefactored2\examsystem\x64\debug\examsystem.studentınfoanalysıs.dll
c:\users\ugurbey\desktop\examsystemrefactorıng\examsystemrefactored2\examsystem\examsystem.studentınfoanalysıs\x64\debug\examsystem.studentınfoanalysıs.ılk
c:\users\ugurbey\desktop\examsystemrefactorıng\examsystemrefactored2\examsystem\x64\debug\examsystem.studentınfoanalysıs.pdb
c:\users\ugurbey\desktop\examsystemrefactoring\examsystemrefactored2\examsystem\examsystem.studentınfoanalysis\x64\debug\.netcoreapp,version=v5.0.assemblyattributes.obj
c:\users\ugurbey\desktop\examsystemrefactoring\examsystemrefactored2\examsystem\examsystem.studentınfoanalysis\x64\debug\questionınfo.obj
c:\users\ugurbey\desktop\examsystemrefactoring\examsystemrefactored2\examsystem\examsystem.studentınfoanalysis\x64\debug\questionınfowrapper.obj
c:\users\ugurbey\desktop\examsystemrefactoring\examsystemrefactored2\examsystem\examsystem.studentınfoanalysis\x64\debug\examsystem.studentınfoanalysis.ilk
c:\users\ugurbey\desktop\examsystemrefactoring\examsystemrefactored2\examsystem\examsystem.studentınfoanalysis\x64\debug\vc142.idb
c:\users\ugurbey\desktop\examsystemrefactoring\examsystemrefactored2\examsystem\examsystem.studentınfoanalysis\x64\debug\vc142.pdb
c:\users\ugurbey\desktop\examsystemrefactoring\examsystemrefactored2\examsystem\x64\debug\examsystem.studentınfoanalysis.pdb
c:\users\ugurbey\desktop\examsystemrefactoring\examsystemrefactored2\examsystem\x64\debug\examsystem.studentınfoanalysis.dll
c:\users\ugurbey\desktop\examsystemrefactoring\examsystemrefactored2\examsystem\examsystem.studentınfoanalysis\x64\debug\examsyst.36f1b129.tlog\cl.command.1.tlog
c:\users\ugurbey\desktop\examsystemrefactoring\examsystemrefactored2\examsystem\examsystem.studentınfoanalysis\x64\debug\examsyst.36f1b129.tlog\cl.read.1.tlog
c:\users\ugurbey\desktop\examsystemrefactoring\examsystemrefactored2\examsystem\examsystem.studentınfoanalysis\x64\debug\examsyst.36f1b129.tlog\cl.write.1.tlog
c:\users\ugurbey\desktop\examsystemrefactoring\examsystemrefactored2\examsystem\examsystem.studentınfoanalysis\x64\debug\examsyst.36f1b129.tlog\examsystem.studentınfoanalysis.write.1u.tlog
c:\users\ugurbey\desktop\examsystemrefactoring\examsystemrefactored2\examsystem\examsystem.studentınfoanalysis\x64\debug\examsyst.36f1b129.tlog\link.16336.delete.1.tlog
c:\users\ugurbey\desktop\examsystemrefactoring\examsystemrefactored2\examsystem\examsystem.studentınfoanalysis\x64\debug\examsyst.36f1b129.tlog\link.18312.delete.1.tlog
c:\users\ugurbey\desktop\examsystemrefactoring\examsystemrefactored2\examsystem\examsystem.studentınfoanalysis\x64\debug\examsyst.36f1b129.tlog\link.command.1.tlog
c:\users\ugurbey\desktop\examsystemrefactoring\examsystemrefactored2\examsystem\examsystem.studentınfoanalysis\x64\debug\examsyst.36f1b129.tlog\link.delete.1.tlog
c:\users\ugurbey\desktop\examsystemrefactoring\examsystemrefactored2\examsystem\examsystem.studentınfoanalysis\x64\debug\examsyst.36f1b129.tlog\link.read.1.tlog
c:\users\ugurbey\desktop\examsystemrefactoring\examsystemrefactored2\examsystem\examsystem.studentınfoanalysis\x64\debug\examsyst.36f1b129.tlog\link.write.1.tlog
