c:\users\ugurbey\desktop\examsystem\examsystem\studentınfoanalysıs\debug\vc142.pdb
c:\users\ugurbey\desktop\examsystem\examsystem\studentınfoanalysıs\debug\vc142.ıdb
c:\users\ugurbey\desktop\examsystem\examsystem\studentınfoanalysıs\debug\questıonınfo.obj
c:\users\ugurbey\desktop\examsystem\examsystem\studentınfoanalysıs\debug\questıonınfowrapper.obj
c:\users\ugurbey\desktop\lastexamsystyem\onlıneexamsystem\studentınfoanalysıs\debug\vc142.pdb
c:\users\ugurbey\desktop\lastexamsystyem\onlıneexamsystem\studentınfoanalysıs\debug\vc142.ıdb
c:\users\ugurbey\desktop\lastexamsystyem\onlıneexamsystem\studentınfoanalysıs\debug\questıonınfowrapper.obj
c:\users\ugurbey\desktop\lastexamsystyem\onlıneexamsystem\studentınfoanalysıs\debug\questıonınfo.obj
c:\users\ugurbey\desktop\examsystem\examsystem\debug\studentınfoanalysıs.dll
c:\users\ugurbey\desktop\examsystem\examsystem\studentınfoanalysıs\debug\studentınfoanalysıs.ılk
c:\users\ugurbey\desktop\examsystem\examsystem\debug\studentınfoanalysıs.pdb
c:\users\ugurbey\desktop\lastexamsystyem\onlıneexamsystem\debug\studentınfoanalysıs.dll
c:\users\ugurbey\desktop\lastexamsystyem\onlıneexamsystem\studentınfoanalysıs\debug\studentınfoanalysıs.ılk
c:\users\ugurbey\desktop\lastexamsystyem\onlıneexamsystem\debug\studentınfoanalysıs.pdb
c:\users\ugurbey\desktop\examsystem\examsystem\debug\studentınfoanalysis.lib
c:\users\ugurbey\desktop\examsystem\examsystem\debug\studentınfoanalysis.exp
c:\users\ugurbey\desktop\lastexamsystyem\onlineexamsystem\debug\studentınfoanalysis.lib
c:\users\ugurbey\desktop\lastexamsystyem\onlineexamsystem\debug\studentınfoanalysis.exp
c:\users\ugurbey\desktop\lastexamsystyem\onlineexamsystem\studentınfoanalysis\debug\questionınfo.obj
c:\users\ugurbey\desktop\lastexamsystyem\onlineexamsystem\studentınfoanalysis\debug\questionınfowrapper.obj
c:\users\ugurbey\desktop\lastexamsystyem\onlineexamsystem\studentınfoanalysis\debug\studentınfoanalysis.ilk
c:\users\ugurbey\desktop\lastexamsystyem\onlineexamsystem\studentınfoanalysis\debug\vc142.idb
c:\users\ugurbey\desktop\lastexamsystyem\onlineexamsystem\studentınfoanalysis\debug\vc142.pdb
c:\users\ugurbey\desktop\lastexamsystyem\onlineexamsystem\debug\studentınfoanalysis.pdb
c:\users\ugurbey\desktop\lastexamsystyem\onlineexamsystem\debug\studentınfoanalysis.dll
c:\users\ugurbey\desktop\lastexamsystyem\onlineexamsystem\studentınfoanalysis\debug\studentı.2ca94a6f.tlog\cl.command.1.tlog
c:\users\ugurbey\desktop\lastexamsystyem\onlineexamsystem\studentınfoanalysis\debug\studentı.2ca94a6f.tlog\cl.read.1.tlog
c:\users\ugurbey\desktop\lastexamsystyem\onlineexamsystem\studentınfoanalysis\debug\studentı.2ca94a6f.tlog\cl.write.1.tlog
c:\users\ugurbey\desktop\lastexamsystyem\onlineexamsystem\studentınfoanalysis\debug\studentı.2ca94a6f.tlog\link.17068.delete.1.tlog
c:\users\ugurbey\desktop\lastexamsystyem\onlineexamsystem\studentınfoanalysis\debug\studentı.2ca94a6f.tlog\link.17900.delete.1.tlog
c:\users\ugurbey\desktop\lastexamsystyem\onlineexamsystem\studentınfoanalysis\debug\studentı.2ca94a6f.tlog\link.25968.delete.1.tlog
c:\users\ugurbey\desktop\lastexamsystyem\onlineexamsystem\studentınfoanalysis\debug\studentı.2ca94a6f.tlog\link.3596.delete.1.tlog
c:\users\ugurbey\desktop\lastexamsystyem\onlineexamsystem\studentınfoanalysis\debug\studentı.2ca94a6f.tlog\link.9816.delete.1.tlog
c:\users\ugurbey\desktop\lastexamsystyem\onlineexamsystem\studentınfoanalysis\debug\studentı.2ca94a6f.tlog\link.command.1.tlog
c:\users\ugurbey\desktop\lastexamsystyem\onlineexamsystem\studentınfoanalysis\debug\studentı.2ca94a6f.tlog\link.read.1.tlog
c:\users\ugurbey\desktop\lastexamsystyem\onlineexamsystem\studentınfoanalysis\debug\studentı.2ca94a6f.tlog\link.write.1.tlog
c:\users\ugurbey\desktop\lastexamsystyem\onlineexamsystem\studentınfoanalysis\debug\studentı.2ca94a6f.tlog\studentınfoanalysis.write.1u.tlog
